{
  "RSpec": {
    "coverage": {
      "/Users/superuser/Documents/Workspaces/ClientFinder/lib/cli/command_line_interface.rb": {
        "lines": [
          null,
          null,
          1,
          1,
          1,
          1,
          null,
          1,
          1,
          null,
          1,
          1,
          7,
          7,
          7,
          null,
          null,
          null,
          1,
          7,
          1,
          1,
          1,
          null,
          null,
          6,
          null,
          6,
          1,
          1,
          1,
          1,
          null,
          null,
          5,
          null,
          3,
          null,
          1,
          null,
          1,
          null,
          null,
          null,
          1,
          null,
          null,
          1,
          3,
          1,
          1,
          null,
          null,
          2,
          null,
          null,
          2,
          1,
          1,
          1,
          null,
          null,
          1,
          1,
          null,
          null,
          null,
          null,
          1,
          1,
          null,
          null,
          null,
          1,
          2,
          2,
          null,
          2,
          0,
          null,
          2,
          2,
          null,
          null,
          null,
          null,
          null,
          1,
          2,
          null,
          null,
          null,
          null,
          null,
          null,
          null,
          null,
          null,
          null,
          null,
          null,
          null,
          null,
          null,
          null,
          null,
          null,
          null,
          null
        ]
      },
      "/Users/superuser/Documents/Workspaces/ClientFinder/lib/repository/client_repository.rb": {
        "lines": [
          null,
          null,
          1,
          1,
          null,
          1,
          1,
          null,
          1,
          1,
          null,
          1,
          null,
          1,
          7,
          7,
          null,
          null,
          null,
          1,
          12,
          null,
          12,
          12,
          99,
          1,
          1,
          null,
          0,
          null,
          null,
          null,
          null,
          1,
          3,
          null,
          2,
          8,
          null,
          null,
          null,
          null,
          1,
          0,
          0,
          null,
          0,
          0,
          0,
          null,
          null,
          null,
          null,
          1,
          4,
          null,
          1,
          4,
          null,
          null,
          null,
          4,
          null,
          null,
          1,
          null,
          1,
          0,
          null,
          null,
          null,
          null
        ]
      },
      "/Users/superuser/Documents/Workspaces/ClientFinder/lib/models/client.rb": {
        "lines": [
          null,
          null,
          1,
          1,
          null,
          1,
          1,
          null,
          1,
          93,
          93,
          93,
          null,
          null,
          null,
          1,
          89,
          null,
          null,
          null,
          null,
          null,
          null,
          null,
          1,
          null,
          1,
          null,
          null,
          null,
          null,
          null,
          null,
          1,
          3,
          null,
          null,
          null,
          null
        ]
      },
      "/Users/superuser/Documents/Workspaces/ClientFinder/lib/services/search_service.rb": {
        "lines": [
          null,
          null,
          1,
          1,
          null,
          1,
          1,
          2,
          null,
          null,
          null,
          1,
          1,
          null,
          null,
          null,
          1,
          1,
          null,
          null,
          null,
          null
        ]
      },
      "/Users/superuser/Documents/Workspaces/ClientFinder/lib/services/duplicate_finder_service.rb": {
        "lines": [
          null,
          null,
          1,
          1,
          null,
          1,
          1,
          0,
          null,
          null,
          null,
          1,
          0,
          null,
          null,
          null,
          1,
          0,
          null,
          0,
          0,
          null,
          0,
          null,
          0,
          0,
          0,
          0,
          null,
          null,
          null,
          0,
          null,
          null,
          null,
          null,
          null
        ]
      },
      "/Users/superuser/Documents/Workspaces/ClientFinder/lib/cli/commands.rb": {
        "lines": [
          null,
          null,
          1,
          1,
          1,
          1,
          1,
          1,
          null,
          null,
          1,
          null,
          null,
          null,
          null,
          1,
          null,
          1,
          12,
          null,
          null,
          1,
          20,
          null,
          null,
          null,
          null
        ]
      }
    },
    "timestamp": 1741765948
  }
}
